2014-12-06_19:16:10.705 [main] ERROR LastFMRecTest - Invalid parameters - Your request is missing the [user] parameter
net.dontdrinkandroot.lastfm.api.LastfmWebServicesException: Invalid parameters - Your request is missing the [user] parameter
	at net.dontdrinkandroot.lastfm.api.ws.AbstractLastfmWebServices.checkForError(AbstractLastfmWebServices.java:345) ~[lastfmapi-0.4.4-SNAPSHOT.jar:na]
	at net.dontdrinkandroot.lastfm.api.ws.AbstractLastfmWebServices.fetch(AbstractLastfmWebServices.java:162) ~[lastfmapi-0.4.4-SNAPSHOT.jar:na]
	at com.mycompany.lastfmgetrecs.engine.LastFMRec.getTopArtist(LastFMRec.java:109) ~[classes/:na]
	at com.mycompany.lastfmgetrecs.engine.LastFMRec.test(LastFMRec.java:63) ~[classes/:na]
	at LastFMRecTest.doTest2(LastFMRecTest.java:63) ~[test-classes/:na]
	at sun.reflect.NativeMethodAccessorImpl.invoke0(Native Method) ~[na:1.8.0_25]
	at sun.reflect.NativeMethodAccessorImpl.invoke(NativeMethodAccessorImpl.java:62) ~[na:1.8.0_25]
	at sun.reflect.DelegatingMethodAccessorImpl.invoke(DelegatingMethodAccessorImpl.java:43) ~[na:1.8.0_25]
	at java.lang.reflect.Method.invoke(Method.java:483) ~[na:1.8.0_25]
	at org.junit.runners.model.FrameworkMethod$1.runReflectiveCall(FrameworkMethod.java:47) [junit-4.11.jar:na]
	at org.junit.internal.runners.model.ReflectiveCallable.run(ReflectiveCallable.java:12) [junit-4.11.jar:na]
	at org.junit.runners.model.FrameworkMethod.invokeExplosively(FrameworkMethod.java:44) [junit-4.11.jar:na]
	at org.junit.internal.runners.statements.InvokeMethod.evaluate(InvokeMethod.java:17) [junit-4.11.jar:na]
	at org.junit.internal.runners.statements.RunBefores.evaluate(RunBefores.java:26) [junit-4.11.jar:na]
	at org.junit.internal.runners.statements.RunAfters.evaluate(RunAfters.java:27) [junit-4.11.jar:na]
	at org.junit.runners.ParentRunner.runLeaf(ParentRunner.java:271) [junit-4.11.jar:na]
	at org.junit.runners.BlockJUnit4ClassRunner.runChild(BlockJUnit4ClassRunner.java:70) [junit-4.11.jar:na]
	at org.junit.runners.BlockJUnit4ClassRunner.runChild(BlockJUnit4ClassRunner.java:50) [junit-4.11.jar:na]
	at org.junit.runners.ParentRunner$3.run(ParentRunner.java:238) [junit-4.11.jar:na]
	at org.junit.runners.ParentRunner$1.schedule(ParentRunner.java:63) [junit-4.11.jar:na]
	at org.junit.runners.ParentRunner.runChildren(ParentRunner.java:236) [junit-4.11.jar:na]
	at org.junit.runners.ParentRunner.access$000(ParentRunner.java:53) [junit-4.11.jar:na]
	at org.junit.runners.ParentRunner$2.evaluate(ParentRunner.java:229) [junit-4.11.jar:na]
	at org.junit.internal.runners.statements.RunBefores.evaluate(RunBefores.java:26) [junit-4.11.jar:na]
	at org.junit.internal.runners.statements.RunAfters.evaluate(RunAfters.java:27) [junit-4.11.jar:na]
	at org.junit.runners.ParentRunner.run(ParentRunner.java:309) [junit-4.11.jar:na]
	at org.apache.maven.surefire.junit4.JUnit4TestSet.execute(JUnit4TestSet.java:53) [surefire-junit4-2.10.jar:2.10]
	at org.apache.maven.surefire.junit4.JUnit4Provider.executeTestSet(JUnit4Provider.java:123) [surefire-junit4-2.10.jar:2.10]
	at org.apache.maven.surefire.junit4.JUnit4Provider.invoke(JUnit4Provider.java:104) [surefire-junit4-2.10.jar:2.10]
	at sun.reflect.NativeMethodAccessorImpl.invoke0(Native Method) ~[na:1.8.0_25]
	at sun.reflect.NativeMethodAccessorImpl.invoke(NativeMethodAccessorImpl.java:62) ~[na:1.8.0_25]
	at sun.reflect.DelegatingMethodAccessorImpl.invoke(DelegatingMethodAccessorImpl.java:43) ~[na:1.8.0_25]
	at java.lang.reflect.Method.invoke(Method.java:483) ~[na:1.8.0_25]
	at org.apache.maven.surefire.util.ReflectionUtils.invokeMethodWithArray(ReflectionUtils.java:164) [surefire-api-2.10.jar:2.10]
	at org.apache.maven.surefire.booter.ProviderFactory$ProviderProxy.invoke(ProviderFactory.java:110) [surefire-booter-2.10.jar:2.10]
	at org.apache.maven.surefire.booter.SurefireStarter.invokeProvider(SurefireStarter.java:175) [surefire-booter-2.10.jar:2.10]
	at org.apache.maven.surefire.booter.SurefireStarter.runSuitesInProcessWhenForked(SurefireStarter.java:107) [surefire-booter-2.10.jar:2.10]
	at org.apache.maven.surefire.booter.ForkedBooter.main(ForkedBooter.java:68) [surefire-booter-2.10.jar:2.10]
2014-12-06_19:16:10.898 [main] ERROR LastFMRecTest - No user with that name
net.dontdrinkandroot.lastfm.api.LastfmWebServicesException: No user with that name
	at net.dontdrinkandroot.lastfm.api.ws.AbstractLastfmWebServices.checkForError(AbstractLastfmWebServices.java:345) ~[lastfmapi-0.4.4-SNAPSHOT.jar:na]
	at net.dontdrinkandroot.lastfm.api.ws.AbstractLastfmWebServices.fetch(AbstractLastfmWebServices.java:162) ~[lastfmapi-0.4.4-SNAPSHOT.jar:na]
	at com.mycompany.lastfmgetrecs.engine.LastFMRec.getTopArtist(LastFMRec.java:109) ~[classes/:na]
	at com.mycompany.lastfmgetrecs.engine.LastFMRec.test(LastFMRec.java:63) ~[classes/:na]
	at LastFMRecTest.doTest3(LastFMRecTest.java:74) ~[test-classes/:na]
	at sun.reflect.NativeMethodAccessorImpl.invoke0(Native Method) ~[na:1.8.0_25]
	at sun.reflect.NativeMethodAccessorImpl.invoke(NativeMethodAccessorImpl.java:62) ~[na:1.8.0_25]
	at sun.reflect.DelegatingMethodAccessorImpl.invoke(DelegatingMethodAccessorImpl.java:43) ~[na:1.8.0_25]
	at java.lang.reflect.Method.invoke(Method.java:483) ~[na:1.8.0_25]
	at org.junit.runners.model.FrameworkMethod$1.runReflectiveCall(FrameworkMethod.java:47) [junit-4.11.jar:na]
	at org.junit.internal.runners.model.ReflectiveCallable.run(ReflectiveCallable.java:12) [junit-4.11.jar:na]
	at org.junit.runners.model.FrameworkMethod.invokeExplosively(FrameworkMethod.java:44) [junit-4.11.jar:na]
	at org.junit.internal.runners.statements.InvokeMethod.evaluate(InvokeMethod.java:17) [junit-4.11.jar:na]
	at org.junit.internal.runners.statements.RunBefores.evaluate(RunBefores.java:26) [junit-4.11.jar:na]
	at org.junit.internal.runners.statements.RunAfters.evaluate(RunAfters.java:27) [junit-4.11.jar:na]
	at org.junit.runners.ParentRunner.runLeaf(ParentRunner.java:271) [junit-4.11.jar:na]
	at org.junit.runners.BlockJUnit4ClassRunner.runChild(BlockJUnit4ClassRunner.java:70) [junit-4.11.jar:na]
	at org.junit.runners.BlockJUnit4ClassRunner.runChild(BlockJUnit4ClassRunner.java:50) [junit-4.11.jar:na]
	at org.junit.runners.ParentRunner$3.run(ParentRunner.java:238) [junit-4.11.jar:na]
	at org.junit.runners.ParentRunner$1.schedule(ParentRunner.java:63) [junit-4.11.jar:na]
	at org.junit.runners.ParentRunner.runChildren(ParentRunner.java:236) [junit-4.11.jar:na]
	at org.junit.runners.ParentRunner.access$000(ParentRunner.java:53) [junit-4.11.jar:na]
	at org.junit.runners.ParentRunner$2.evaluate(ParentRunner.java:229) [junit-4.11.jar:na]
	at org.junit.internal.runners.statements.RunBefores.evaluate(RunBefores.java:26) [junit-4.11.jar:na]
	at org.junit.internal.runners.statements.RunAfters.evaluate(RunAfters.java:27) [junit-4.11.jar:na]
	at org.junit.runners.ParentRunner.run(ParentRunner.java:309) [junit-4.11.jar:na]
	at org.apache.maven.surefire.junit4.JUnit4TestSet.execute(JUnit4TestSet.java:53) [surefire-junit4-2.10.jar:2.10]
	at org.apache.maven.surefire.junit4.JUnit4Provider.executeTestSet(JUnit4Provider.java:123) [surefire-junit4-2.10.jar:2.10]
	at org.apache.maven.surefire.junit4.JUnit4Provider.invoke(JUnit4Provider.java:104) [surefire-junit4-2.10.jar:2.10]
	at sun.reflect.NativeMethodAccessorImpl.invoke0(Native Method) ~[na:1.8.0_25]
	at sun.reflect.NativeMethodAccessorImpl.invoke(NativeMethodAccessorImpl.java:62) ~[na:1.8.0_25]
	at sun.reflect.DelegatingMethodAccessorImpl.invoke(DelegatingMethodAccessorImpl.java:43) ~[na:1.8.0_25]
	at java.lang.reflect.Method.invoke(Method.java:483) ~[na:1.8.0_25]
	at org.apache.maven.surefire.util.ReflectionUtils.invokeMethodWithArray(ReflectionUtils.java:164) [surefire-api-2.10.jar:2.10]
	at org.apache.maven.surefire.booter.ProviderFactory$ProviderProxy.invoke(ProviderFactory.java:110) [surefire-booter-2.10.jar:2.10]
	at org.apache.maven.surefire.booter.SurefireStarter.invokeProvider(SurefireStarter.java:175) [surefire-booter-2.10.jar:2.10]
	at org.apache.maven.surefire.booter.SurefireStarter.runSuitesInProcessWhenForked(SurefireStarter.java:107) [surefire-booter-2.10.jar:2.10]
	at org.apache.maven.surefire.booter.ForkedBooter.main(ForkedBooter.java:68) [surefire-booter-2.10.jar:2.10]
